<?xml version="1.0" encoding="UTF-8"?>
<!-- Generated by org.testng.reporters.JUnitReportReporter -->
<testsuite hostname="RITUJAI-LAP" name="com.curbside.testcase.FirstTestCase" tests="1" failures="0" timestamp="25 Dec 2016 09:33:29 GMT" time="10.803" errors="0">
  <testcase name="firstCall" time="10.803" classname="com.curbside.testcase.FirstTestCase"/>
</testsuite> <!-- com.curbside.testcase.FirstTestCase -->
